<?xml version="1.0" encoding="UTF-8"?>
<!-- Generated by org.testng.reporters.JUnitReportReporter -->
<testsuite hostname="DESKTOP-67L8E2C" failures="0" tests="3" name="com.StoreAutomation.TestCases.DDTTests" time="6.656" errors="0" timestamp="2024-12-16T16:36:10 IST" skipped="0">
  <testcase classname="com.StoreAutomation.TestCases.DDTTests" name="testPostUser" time="1.184"/>
  <testcase classname="com.StoreAutomation.TestCases.DDTTests" name="testPostUser" time="4.202"/>
  <testcase classname="com.StoreAutomation.TestCases.DDTTests" name="testPostUser" time="1.270"/>
</testsuite> <!-- com.StoreAutomation.TestCases.DDTTests -->
