<?xml version="1.0" encoding="UTF-8"?>
<!-- Generated by org.testng.reporters.JUnitReportReporter -->
<testsuite hostname="DESKTOP-67L8E2C" failures="0" tests="3" name="com.StoreAutomation.TestCases.StoreTests2" time="6.984" errors="0" timestamp="2024-12-23T16:46:52 IST" skipped="0">
  <testcase classname="com.StoreAutomation.TestCases.StoreTests2" name="testPostStore" time="4.406"/>
  <testcase classname="com.StoreAutomation.TestCases.StoreTests2" name="testGetStore" time="1.317"/>
  <testcase classname="com.StoreAutomation.TestCases.StoreTests2" name="testDeleteStore" time="1.261"/>
</testsuite> <!-- com.StoreAutomation.TestCases.StoreTests2 -->
